<?xml version="1.0" encoding="UTF-8"?>
<!-- Generated by org.testng.reporters.JUnitXMLReporter -->
<testsuite ignored="0" hostname="DESKTOP-4N6IN1B" failures="0" tests="2" name="Home Page Test" time="47.868" errors="0" timestamp="2026-01-30T13:55:30 IST">
  <testcase classname="com.testautomationpractice.testcases.HomepageTest" name="clickAddtoCartTest" time="42.898"/>
  <testcase classname="com.testautomationpractice.testcases.HomepageTest" name="verifyLoggedInTest" time="0.14"/>
</testsuite> <!-- Home Page Test -->
