<?xml version="1.0" encoding="UTF-8"?>
<!-- Generated by org.testng.reporters.JUnitXMLReporter -->
<testsuite ignored="0" hostname="DESKTOP-4N6IN1B" failures="0" tests="2" name="Login Test" time="12.079" errors="0" timestamp="2026-01-30T13:54:42 IST">
  <testcase classname="com.testautomationpractice.testcases.loginPageTest" name="loginPageTitleTest" time="0.051"/>
  <testcase classname="com.testautomationpractice.testcases.loginPageTest" name="login" time="0.498"/>
</testsuite> <!-- Login Test -->
