<?xml version="1.0" encoding="UTF-8"?>
<testng-results ignored="0" total="4" passed="4" failed="0" skipped="0">
  <reporter-output>
  </reporter-output>
  <suite started-at="2026-01-30T13:54:29 IST" name="Automation Test" finished-at="2026-01-30T13:55:30 IST" duration-ms="60285">
    <groups>
    </groups>
    <test started-at="2026-01-30T13:54:29 IST" name="Login Test" finished-at="2026-01-30T13:54:41 IST" duration-ms="12079">
      <class name="com.testautomationpractice.testcases.loginPageTest">
        <test-method is-config="true" signature="setUp()[pri:0, instance:com.testautomationpractice.testcases.loginPageTest@45b4c3a9]" started-at="2026-01-30T13:54:29 IST" name="setUp" finished-at="2026-01-30T13:54:39 IST" duration-ms="9300" status="PASS">
          <reporter-output>
          </reporter-output>
        </test-method> <!-- setUp -->
        <test-method signature="loginPageTitleTest()[pri:0, instance:com.testautomationpractice.testcases.loginPageTest@45b4c3a9]" started-at="2026-01-30T13:54:39 IST" name="loginPageTitleTest" finished-at="2026-01-30T13:54:39 IST" duration-ms="51" status="PASS">
          <reporter-output>
          </reporter-output>
        </test-method> <!-- loginPageTitleTest -->
        <test-method is-config="true" signature="tearDown()[pri:0, instance:com.testautomationpractice.testcases.loginPageTest@45b4c3a9]" started-at="2026-01-30T13:54:39 IST" name="tearDown" finished-at="2026-01-30T13:54:39 IST" duration-ms="226" status="PASS">
          <reporter-output>
          </reporter-output>
        </test-method> <!-- tearDown -->
        <test-method is-config="true" signature="setUp()[pri:0, instance:com.testautomationpractice.testcases.loginPageTest@45b4c3a9]" started-at="2026-01-30T13:54:39 IST" name="setUp" finished-at="2026-01-30T13:54:41 IST" duration-ms="1670" status="PASS">
          <reporter-output>
          </reporter-output>
        </test-method> <!-- setUp -->
        <test-method signature="login()[pri:1, instance:com.testautomationpractice.testcases.loginPageTest@45b4c3a9]" started-at="2026-01-30T13:54:41 IST" name="login" finished-at="2026-01-30T13:54:41 IST" duration-ms="498" status="PASS">
          <reporter-output>
          </reporter-output>
        </test-method> <!-- login -->
        <test-method is-config="true" signature="tearDown()[pri:0, instance:com.testautomationpractice.testcases.loginPageTest@45b4c3a9]" started-at="2026-01-30T13:54:41 IST" name="tearDown" finished-at="2026-01-30T13:54:41 IST" duration-ms="267" status="PASS">
          <reporter-output>
          </reporter-output>
        </test-method> <!-- tearDown -->
      </class> <!-- com.testautomationpractice.testcases.loginPageTest -->
    </test> <!-- Login Test -->
    <test started-at="2026-01-30T13:54:42 IST" name="Home Page Test" finished-at="2026-01-30T13:55:30 IST" duration-ms="47868">
      <class name="com.testautomationpractice.testcases.HomepageTest">
        <test-method is-config="true" signature="setUp()[pri:0, instance:com.testautomationpractice.testcases.HomepageTest@2beee7ff]" started-at="2026-01-30T13:54:42 IST" name="setUp" finished-at="2026-01-30T13:54:44 IST" duration-ms="1977" status="PASS">
          <reporter-output>
          </reporter-output>
        </test-method> <!-- setUp -->
        <test-method signature="clickAddtoCartTest()[pri:0, instance:com.testautomationpractice.testcases.HomepageTest@2beee7ff]" started-at="2026-01-30T13:54:44 IST" name="clickAddtoCartTest" finished-at="2026-01-30T13:55:27 IST" duration-ms="42898" status="PASS">
          <reporter-output>
          </reporter-output>
        </test-method> <!-- clickAddtoCartTest -->
        <test-method is-config="true" signature="tearDown()[pri:0, instance:com.testautomationpractice.testcases.HomepageTest@2beee7ff]" started-at="2026-01-30T13:55:27 IST" name="tearDown" finished-at="2026-01-30T13:55:27 IST" duration-ms="282" status="PASS">
          <reporter-output>
          </reporter-output>
        </test-method> <!-- tearDown -->
        <test-method is-config="true" signature="setUp()[pri:0, instance:com.testautomationpractice.testcases.HomepageTest@2beee7ff]" started-at="2026-01-30T13:55:27 IST" name="setUp" finished-at="2026-01-30T13:55:29 IST" duration-ms="2145" status="PASS">
          <reporter-output>
          </reporter-output>
        </test-method> <!-- setUp -->
        <test-method signature="verifyLoggedInTest()[pri:0, instance:com.testautomationpractice.testcases.HomepageTest@2beee7ff]" started-at="2026-01-30T13:55:29 IST" name="verifyLoggedInTest" finished-at="2026-01-30T13:55:29 IST" duration-ms="140" status="PASS">
          <reporter-output>
          </reporter-output>
        </test-method> <!-- verifyLoggedInTest -->
        <test-method is-config="true" signature="tearDown()[pri:0, instance:com.testautomationpractice.testcases.HomepageTest@2beee7ff]" started-at="2026-01-30T13:55:29 IST" name="tearDown" finished-at="2026-01-30T13:55:30 IST" duration-ms="417" status="PASS">
          <reporter-output>
          </reporter-output>
        </test-method> <!-- tearDown -->
      </class> <!-- com.testautomationpractice.testcases.HomepageTest -->
    </test> <!-- Home Page Test -->
  </suite> <!-- Automation Test -->
</testng-results>
