<?xml version="1.0" encoding="UTF-8"?>
<!-- Generated by org.testng.reporters.JUnitReportReporter -->
<testsuite hostname="DESKTOP-4N6IN1B" failures="0" tests="2" name="com.testautomationpractice.testcases.loginPageTest" time="12.012" errors="0" timestamp="2026-01-30T13:55:30 IST" skipped="0">
  <testcase classname="com.testautomationpractice.testcases.loginPageTest" name="loginPageTitleTest" time="9.577"/>
  <testcase classname="com.testautomationpractice.testcases.loginPageTest" name="login" time="2.435"/>
</testsuite> <!-- com.testautomationpractice.testcases.loginPageTest -->
