<?xml version="1.0" encoding="UTF-8"?>
<!-- Generated by org.testng.reporters.JUnitReportReporter -->
<testsuite hostname="DESKTOP-4N6IN1B" failures="0" tests="2" name="com.testautomationpractice.testcases.HomepageTest" time="47.859" errors="0" timestamp="2026-01-30T13:55:30 IST" skipped="0">
  <testcase classname="com.testautomationpractice.testcases.HomepageTest" name="verifyLoggedInTest" time="2.567"/>
  <testcase classname="com.testautomationpractice.testcases.HomepageTest" name="clickAddtoCartTest" time="45.292"/>
</testsuite> <!-- com.testautomationpractice.testcases.HomepageTest -->
