<?xml version="1.0" encoding="UTF-8"?>
<!-- Generated by org.testng.reporters.JUnitReportReporter -->
<testsuite hostname="DESKTOP-4N6IN1B" failures="0" tests="1" name="com.testautomationpractice.testcases.HomePageRemoveTest" time="18.920" errors="0" timestamp="2026-01-25T13:54:14 IST" skipped="0">
  <testcase classname="com.testautomationpractice.testcases.HomePageRemoveTest" name="clickAddtoCartTest" time="18.920"/>
</testsuite> <!-- com.testautomationpractice.testcases.HomePageRemoveTest -->
