<?xml version="1.0" encoding="UTF-8"?>
<!-- Generated by org.testng.reporters.JUnitReportReporter -->
<testsuite hostname="DESKTOP-4N6IN1B" failures="0" tests="7" name="com.testautomationpractice.testcases.DataproviderTest" time="81.527" errors="0" timestamp="2026-01-26T00:55:17 IST" skipped="0">
  <testcase classname="com.testautomationpractice.testcases.DataproviderTest" name="dataproviderTest" time="18.832"/>
  <testcase classname="com.testautomationpractice.testcases.DataproviderTest" name="dataproviderTest" time="7.528"/>
  <testcase classname="com.testautomationpractice.testcases.DataproviderTest" name="dataproviderTest" time="7.843"/>
  <testcase classname="com.testautomationpractice.testcases.DataproviderTest" name="dataproviderTest" time="12.768"/>
  <testcase classname="com.testautomationpractice.testcases.DataproviderTest" name="dataproviderTest" time="10.365"/>
  <testcase classname="com.testautomationpractice.testcases.DataproviderTest" name="dataproviderTest" time="10.619"/>
  <testcase classname="com.testautomationpractice.testcases.DataproviderTest" name="dataproviderTest" time="13.572"/>
</testsuite> <!-- com.testautomationpractice.testcases.DataproviderTest -->
